c:\users\callum\downloads\hud label example\hud label example\agp2014 base code vs 2013\debug\vc120.pdb
c:\users\callum\downloads\hud label example\hud label example\agp2014 base code vs 2013\debug\vc120.idb
c:\users\callum\downloads\hud label example\hud label example\agp2014 base code vs 2013\debug\main.obj
c:\users\callum\downloads\hud label example\hud label example\agp2014 base code vs 2013\debug\md2model.obj
c:\users\callum\downloads\hud label example\hud label example\agp2014 base code vs 2013\debug\rt3d.obj
c:\users\callum\downloads\hud label example\hud label example\agp2014 base code vs 2013\debug\rt3dobjloader.obj
c:\users\callum\downloads\b00256311-rt3d-final-project\agp2014 base code vs 2013\debug\vc120.pdb
c:\users\callum\downloads\b00256311-rt3d-final-project\agp2014 base code vs 2013\debug\vc120.idb
c:\users\callum\downloads\b00256311-rt3d-final-project\agp2014 base code vs 2013\debug\main.obj
c:\users\callum\downloads\b00256311-rt3d-final-project\agp2014 base code vs 2013\debug\md2model.obj
c:\users\callum\downloads\b00256311-rt3d-final-project\agp2014 base code vs 2013\debug\rt3d.obj
c:\users\callum\downloads\b00256311-rt3d-final-project\agp2014 base code vs 2013\debug\rt3dobjloader.obj
c:\users\callum\downloads\b00256311-rt3d-final-project\agp2014 base code vs 2013\debug\skybox.obj
c:\users\callum\downloads\b00256311-rt3d-final-project\agp2014 base code vs 2013\debug\hobgoblin.obj
c:\users\callum\downloads\b00256311-rt3d-final-project\agp2014 base code vs 2013\debug\camera.obj
c:\users\callum\downloads\b00256311-rt3d-final-project\agp2014 base code vs 2013\debug\ground.obj
c:\users\callum\downloads\hud label example\hud label example\debug\agp2014 base code vs 2013.ilk
c:\users\callum\downloads\hud label example\hud label example\debug\agp2014 base code vs 2013.exe
c:\users\callum\downloads\hud label example\hud label example\debug\agp2014 base code vs 2013.pdb
c:\users\callum\downloads\b00256311-rt3d-final-project\debug\agp2014 base code vs 2013.ilk
c:\users\callum\downloads\b00256311-rt3d-final-project\debug\agp2014 base code vs 2013.exe
c:\users\callum\downloads\b00256311-rt3d-final-project\debug\agp2014 base code vs 2013.pdb
c:\users\callum\downloads\b00256311-rt3d-final-project\agp2014 base code vs 2013\debug\agp2014 .a14933f6.tlog\cl.command.1.tlog
c:\users\callum\downloads\b00256311-rt3d-final-project\agp2014 base code vs 2013\debug\agp2014 .a14933f6.tlog\cl.read.1.tlog
c:\users\callum\downloads\b00256311-rt3d-final-project\agp2014 base code vs 2013\debug\agp2014 .a14933f6.tlog\cl.write.1.tlog
c:\users\callum\downloads\b00256311-rt3d-final-project\agp2014 base code vs 2013\debug\agp2014 .a14933f6.tlog\link.command.1.tlog
c:\users\callum\downloads\b00256311-rt3d-final-project\agp2014 base code vs 2013\debug\agp2014 .a14933f6.tlog\link.read.1.tlog
c:\users\callum\downloads\b00256311-rt3d-final-project\agp2014 base code vs 2013\debug\agp2014 .a14933f6.tlog\link.write.1.tlog
