Build started 22/04/2015 15:19:04.
     1>Project "C:\Users\Callum\Downloads\HUD label example\HUD label example\AGP2014 Base Code VS 2013\AGP2014 Base Code VS 2013.vcxproj" on node 2 (Build target(s)).
     1>ClCompile:
         C:\Program Files (x86)\Microsoft Visual Studio 12.0\VC\bin\CL.exe /c /I"C:\dev\SDL2 plugins\include" /I"C:\dev\SDL2-2.0.3\include" /I"C:\dev\glew-1.11.0\include" /I"C:\dev\glm-0.9.5.4" /ZI /nologo /W3 /WX- /sdl /Od /Oy- /D WIN32 /D _DEBUG /D _WINDOWS /D _CRT_SECURE_NO_WARNINGS /D _UNICODE /D UNICODE /Gm /EHsc /RTC1 /MDd /GS /fp:precise /Zc:wchar_t /Zc:forScope /Fo"Debug\\" /Fd"Debug\vc120.pdb" /Gd /TP /analyze- /errorReport:prompt main.cpp md2model.cpp rt3d.cpp rt3dObjLoader.cpp
         rt3dObjLoader.cpp
     1>c:\users\callum\downloads\hud label example\hud label example\agp2014 base code vs 2013\rt3dobjloader.cpp(196): warning C4018: '<' : signed/unsigned mismatch
     1>c:\users\callum\downloads\hud label example\hud label example\agp2014 base code vs 2013\rt3dobjloader.cpp(134): warning C4101: 'y' : unreferenced local variable
     1>c:\users\callum\downloads\hud label example\hud label example\agp2014 base code vs 2013\rt3dobjloader.cpp(134): warning C4101: 'x' : unreferenced local variable
     1>c:\users\callum\downloads\hud label example\hud label example\agp2014 base code vs 2013\rt3dobjloader.cpp(134): warning C4101: 'z' : unreferenced local variable
         rt3d.cpp
         md2model.cpp
     1>c:\users\callum\downloads\hud label example\hud label example\agp2014 base code vs 2013\md2model.h(40): warning C4005: 'WIN32' : macro redefinition
                 command-line arguments :  see previous definition of 'WIN32'
     1>c:\users\callum\downloads\hud label example\hud label example\agp2014 base code vs 2013\md2model.cpp(176): warning C4101: 'v' : unreferenced local variable
     1>c:\users\callum\downloads\hud label example\hud label example\agp2014 base code vs 2013\md2model.cpp(176): warning C4101: 'norm' : unreferenced local variable
     1>c:\users\callum\downloads\hud label example\hud label example\agp2014 base code vs 2013\md2model.cpp(175): warning C4101: 's' : unreferenced local variable
     1>c:\users\callum\downloads\hud label example\hud label example\agp2014 base code vs 2013\md2model.cpp(175): warning C4101: 't' : unreferenced local variable
     1>c:\users\callum\downloads\hud label example\hud label example\agp2014 base code vs 2013\md2model.cpp(338): warning C4018: '<' : signed/unsigned mismatch
         main.cpp
     1>c:\users\callum\downloads\hud label example\hud label example\agp2014 base code vs 2013\md2model.h(40): warning C4005: 'WIN32' : macro redefinition
                 command-line arguments :  see previous definition of 'WIN32'
     1>c:\users\callum\downloads\hud label example\hud label example\agp2014 base code vs 2013\main.cpp(255): warning C4305: '+=' : truncation from 'double' to 'float'
     1>c:\users\callum\downloads\hud label example\hud label example\agp2014 base code vs 2013\main.cpp(256): warning C4305: '-=' : truncation from 'double' to 'float'
     1>c:\users\callum\downloads\hud label example\hud label example\agp2014 base code vs 2013\main.cpp(379): warning C4305: 'argument' : truncation from 'double' to 'float'
         GLM: perspective function taking degrees as a parameter is deprecated. #define GLM_FORCE_RADIANS before including GLM headers to remove this message.
         GLM: rotate function taking degrees as a parameter is deprecated. #define GLM_FORCE_RADIANS before including GLM headers to remove this message.
         Generating Code...
       Link:
         C:\Program Files (x86)\Microsoft Visual Studio 12.0\VC\bin\link.exe /ERRORREPORT:PROMPT /OUT:"C:\Users\Callum\Downloads\HUD label example\HUD label example\Debug\AGP2014 Base Code VS 2013.exe" /INCREMENTAL /NOLOGO /LIBPATH:"C:\dev\SDL2 plugins\lib\x86" /LIBPATH:"C:\dev\SDL2-2.0.3\lib\x86" /LIBPATH:"C:\dev\glew-1.11.0\lib\Release\Win32" SDL2.lib SDL2main.lib SDL2_ttf.lib opengl32.lib glew32.lib kernel32.lib user32.lib gdi32.lib winspool.lib comdlg32.lib advapi32.lib shell32.lib ole32.lib oleaut32.lib uuid.lib odbc32.lib odbccp32.lib /MANIFEST /MANIFESTUAC:"level='asInvoker' uiAccess='false'" /manifest:embed /DEBUG /PDB:"C:\Users\Callum\Downloads\HUD label example\HUD label example\Debug\AGP2014 Base Code VS 2013.pdb" /SUBSYSTEM:WINDOWS /TLBID:1 /DYNAMICBASE /NXCOMPAT /IMPLIB:"C:\Users\Callum\Downloads\HUD label example\HUD label example\Debug\AGP2014 Base Code VS 2013.lib" /MACHINE:X86 Debug\main.obj
         Debug\md2model.obj
         Debug\rt3d.obj
         Debug\rt3dObjLoader.obj
     1>MSVCRTD.lib(cinitexe.obj) : warning LNK4098: defaultlib 'msvcrt.lib' conflicts with use of other libs; use /NODEFAULTLIB:library
         AGP2014 Base Code VS 2013.vcxproj -> C:\Users\Callum\Downloads\HUD label example\HUD label example\Debug\AGP2014 Base Code VS 2013.exe
     1>Done Building Project "C:\Users\Callum\Downloads\HUD label example\HUD label example\AGP2014 Base Code VS 2013\AGP2014 Base Code VS 2013.vcxproj" (Build target(s)).

Build succeeded.

Time Elapsed 00:00:01.88
