c:\users\callum\downloads\b00256311-rt3d-final-project\agp2014 base code vs 2013\release\vc120.pdb
c:\users\callum\downloads\b00256311-rt3d-final-project\agp2014 base code vs 2013\release\skybox.obj
c:\users\callum\downloads\b00256311-rt3d-final-project\agp2014 base code vs 2013\release\rt3dobjloader.obj
c:\users\callum\downloads\b00256311-rt3d-final-project\agp2014 base code vs 2013\release\rt3d.obj
c:\users\callum\downloads\b00256311-rt3d-final-project\agp2014 base code vs 2013\release\onscreenwinhud.obj
c:\users\callum\downloads\b00256311-rt3d-final-project\agp2014 base code vs 2013\release\onscreenhud.obj
c:\users\callum\downloads\b00256311-rt3d-final-project\agp2014 base code vs 2013\release\onscreendeadhud.obj
c:\users\callum\downloads\b00256311-rt3d-final-project\agp2014 base code vs 2013\release\movingplatform.obj
c:\users\callum\downloads\b00256311-rt3d-final-project\agp2014 base code vs 2013\release\md2model.obj
c:\users\callum\downloads\b00256311-rt3d-final-project\agp2014 base code vs 2013\release\main.obj
c:\users\callum\downloads\b00256311-rt3d-final-project\agp2014 base code vs 2013\release\lavaground.obj
c:\users\callum\downloads\b00256311-rt3d-final-project\agp2014 base code vs 2013\release\largerock.obj
c:\users\callum\downloads\b00256311-rt3d-final-project\agp2014 base code vs 2013\release\hobgoblin.obj
c:\users\callum\downloads\b00256311-rt3d-final-project\agp2014 base code vs 2013\release\ground.obj
c:\users\callum\downloads\b00256311-rt3d-final-project\agp2014 base code vs 2013\release\camera.obj
c:\users\callum\downloads\b00256311-rt3d-final-project\agp2014 base code vs 2013\release\bunnypickup.obj
c:\users\callum\downloads\b00256311-rt3d-final-project\agp2014 base code vs 2013\release\agp2014 .a14933f6.tlog\cl.command.1.tlog
c:\users\callum\downloads\b00256311-rt3d-final-project\agp2014 base code vs 2013\release\agp2014 .a14933f6.tlog\cl.read.1.tlog
c:\users\callum\downloads\b00256311-rt3d-final-project\agp2014 base code vs 2013\release\agp2014 .a14933f6.tlog\cl.write.1.tlog
c:\users\callum\downloads\b00256311-rt3d-final-project\agp2014 base code vs 2013\release\agp2014 .a14933f6.tlog\link.command.1.tlog
c:\users\callum\downloads\b00256311-rt3d-final-project\agp2014 base code vs 2013\release\agp2014 .a14933f6.tlog\link.read.1.tlog
c:\users\callum\downloads\b00256311-rt3d-final-project\agp2014 base code vs 2013\release\agp2014 .a14933f6.tlog\link.write.1.tlog
